outputs/logs/manifest-merger-debug-report.txt
-- Merging decision tree log ---
manifest
ADDED from src/main/AndroidManifest.xml:2:1-25:12
INJECTED from src/main/AndroidManifest.xml:2:1-25:12
INJECTED from src/main/AndroidManifest.xml:2:1-25:12
INJECTED from src/main/AndroidManifest.xml:2:1-25:12
MERGED from [androidx.paging:paging-runtime-ktx:3.0.0-rc01] AndroidManifest.xml:17:1-24:12
MERGED from [androidx.paging:paging-runtime:3.0.0-rc01] AndroidManifest.xml:17:1-24:12
MERGED from [androidx.lifecycle:lifecycle-livedata-ktx:2.3.1] AndroidManifest.xml:17:1-24:12
MERGED from [androidx.fragment:fragment-ktx:1.3.3] AndroidManifest.xml:17:1-24:12
MERGED from [androidx.activity:activity-ktx:1.2.2] AndroidManifest.xml:17:1-24:12
MERGED from [androidx.lifecycle:lifecycle-viewmodel-ktx:2.3.1] AndroidManifest.xml:17:1-24:12
MERGED from [androidx.room:room-ktx:2.3.0] AndroidManifest.xml:17:1-24:12
MERGED from [androidx.lifecycle:lifecycle-runtime-ktx:2.3.1] AndroidManifest.xml:17:1-24:12
MERGED from [androidx.databinding:databinding-adapters:4.1.3] AndroidManifest.xml:17:1-24:12
MERGED from [androidx.databinding:databinding-runtime:4.1.3] AndroidManifest.xml:17:1-24:12
MERGED from [com.google.dagger:dagger-android-support:2.28.3] AndroidManifest.xml:17:1-22:12
MERGED from [com.google.android.material:material:1.3.0] AndroidManifest.xml:17:1-24:12
MERGED from [androidx.constraintlayout:constraintlayout:2.0.4] AndroidManifest.xml:2:1-11:12
MERGED from [androidx.appcompat:appcompat:1.2.0] AndroidManifest.xml:17:1-24:12
MERGED from [androidx.core:core-ktx:1.3.2] AndroidManifest.xml:2:1-9:12
MERGED from [androidx.legacy:legacy-support-v4:1.0.0] AndroidManifest.xml:17:1-22:12
MERGED from [androidx.legacy:legacy-support-core-ui:1.0.0] AndroidManifest.xml:17:1-22:12
MERGED from [androidx.swiperefreshlayout:swiperefreshlayout:1.1.0] AndroidManifest.xml:17:1-24:12
MERGED from [androidx.viewpager2:viewpager2:1.0.0] AndroidManifest.xml:17:1-24:12
MERGED from [androidx.recyclerview:recyclerview:1.2.0] AndroidManifest.xml:17:1-24:12
MERGED from [androidx.cardview:cardview:1.0.0] AndroidManifest.xml:17:1-22:12
MERGED from [androidx.test:core:1.3.0] AndroidManifest.xml:17:1-50:12
MERGED from [androidx.databinding:viewbinding:4.1.3] AndroidManifest.xml:17:1-22:12
MERGED from [androidx.cursoradapter:cursoradapter:1.0.0] AndroidManifest.xml:17:1-22:12
MERGED from [androidx.appcompat:appcompat-resources:1.2.0] AndroidManifest.xml:17:1-24:12
MERGED from [androidx.drawerlayout:drawerlayout:1.0.0] AndroidManifest.xml:17:1-22:12
MERGED from [androidx.lifecycle:lifecycle-extensions:2.2.0] AndroidManifest.xml:17:1-27:12
MERGED from [androidx.fragment:fragment:1.3.3] AndroidManifest.xml:17:1-24:12
MERGED from [androidx.activity:activity:1.2.2] AndroidManifest.xml:17:1-24:12
MERGED from [androidx.media:media:1.0.0] AndroidManifest.xml:17:1-22:12
MERGED from [androidx.dynamicanimation:dynamicanimation:1.0.0] AndroidManifest.xml:17:1-22:12
MERGED from [androidx.legacy:legacy-support-core-utils:1.0.0] AndroidManifest.xml:17:1-22:12
MERGED from [androidx.coordinatorlayout:coordinatorlayout:1.1.0] AndroidManifest.xml:17:1-24:12
MERGED from [androidx.transition:transition:1.2.0] AndroidManifest.xml:17:1-24:12
MERGED from [androidx.vectordrawable:vectordrawable-animated:1.1.0] AndroidManifest.xml:17:1-24:12
MERGED from [androidx.vectordrawable:vectordrawable:1.1.0] AndroidManifest.xml:17:1-24:12
MERGED from [androidx.viewpager:viewpager:1.0.0] AndroidManifest.xml:17:1-22:12
MERGED from [androidx.slidingpanelayout:slidingpanelayout:1.0.0] AndroidManifest.xml:17:1-22:12
MERGED from [androidx.customview:customview:1.0.0] AndroidManifest.xml:17:1-22:12
MERGED from [androidx.loader:loader:1.0.0] AndroidManifest.xml:17:1-22:12
MERGED from [androidx.asynclayoutinflater:asynclayoutinflater:1.0.0] AndroidManifest.xml:17:1-22:12
MERGED from [androidx.core:core:1.3.2] AndroidManifest.xml:17:1-26:12
MERGED from [androidx.room:room-rxjava2:2.3.0] AndroidManifest.xml:17:1-24:12
MERGED from [androidx.room:room-runtime:2.3.0] AndroidManifest.xml:17:1-31:12
MERGED from [androidx.lifecycle:lifecycle-livedata:2.3.1] AndroidManifest.xml:17:1-24:12
MERGED from [androidx.lifecycle:lifecycle-process:2.2.0] AndroidManifest.xml:17:1-32:12
MERGED from [androidx.lifecycle:lifecycle-service:2.2.0] AndroidManifest.xml:17:1-24:12
MERGED from [androidx.lifecycle:lifecycle-runtime:2.3.1] AndroidManifest.xml:17:1-24:12
MERGED from [androidx.lifecycle:lifecycle-livedata-core-ktx:2.3.1] AndroidManifest.xml:17:1-24:12
MERGED from [androidx.lifecycle:lifecycle-viewmodel-savedstate:2.3.1] AndroidManifest.xml:17:1-24:12
MERGED from [androidx.lifecycle:lifecycle-livedata-core:2.3.1] AndroidManifest.xml:17:1-24:12
MERGED from [androidx.arch.core:core-runtime:2.1.0] AndroidManifest.xml:17:1-24:12
MERGED from [androidx.savedstate:savedstate-ktx:1.1.0] AndroidManifest.xml:17:1-24:12
MERGED from [androidx.savedstate:savedstate:1.1.0] AndroidManifest.xml:17:1-24:12
MERGED from [androidx.lifecycle:lifecycle-viewmodel:2.3.1] AndroidManifest.xml:17:1-24:12
MERGED from [androidx.sqlite:sqlite-framework:2.1.0] AndroidManifest.xml:17:1-24:12
MERGED from [androidx.sqlite:sqlite:2.1.0] AndroidManifest.xml:17:1-24:12
MERGED from [com.google.dagger:dagger-android:2.28.3] AndroidManifest.xml:17:1-22:12
MERGED from [androidx.interpolator:interpolator:1.0.0] AndroidManifest.xml:17:1-22:12
MERGED from [androidx.test:monitor:1.3.0] AndroidManifest.xml:17:1-24:12
MERGED from [androidx.versionedparcelable:versionedparcelable:1.1.0] AndroidManifest.xml:17:1-27:12
MERGED from [androidx.tracing:tracing:1.0.0] AndroidManifest.xml:17:1-24:12
MERGED from [androidx.documentfile:documentfile:1.0.0] AndroidManifest.xml:17:1-22:12
MERGED from [androidx.localbroadcastmanager:localbroadcastmanager:1.0.0] AndroidManifest.xml:17:1-22:12
MERGED from [androidx.print:print:1.0.0] AndroidManifest.xml:17:1-22:12
MERGED from [io.reactivex.rxjava2:rxandroid:2.1.1] AndroidManifest.xml:15:1-20:12
MERGED from [androidx.test.espresso:espresso-idling-resource:3.4.0-alpha06] AndroidManifest.xml:17:1-24:12
MERGED from [androidx.annotation:annotation-experimental:1.1.0] AndroidManifest.xml:17:1-24:12
MERGED from [com.google.dagger:dagger-lint-aar:2.28.3] AndroidManifest.xml:16:1-19:12
INJECTED from src/main/AndroidManifest.xml:2:1-25:12
INJECTED from src/main/AndroidManifest.xml:2:1-25:12
INJECTED from src/main/AndroidManifest.xml:2:1-25:12
	package
		ADDED from src/main/AndroidManifest.xml:3:5-47
		INJECTED from src/main/AndroidManifest.xml
		INJECTED from src/main/AndroidManifest.xml
	android:versionName
		INJECTED from src/main/AndroidManifest.xml
		ADDED from src/main/AndroidManifest.xml:2:1-25:12
		INJECTED from src/main/AndroidManifest.xml
	android:versionCode
		INJECTED from src/main/AndroidManifest.xml
		ADDED from src/main/AndroidManifest.xml:2:1-25:12
		INJECTED from src/main/AndroidManifest.xml
	xmlns:android
		ADDED from src/main/AndroidManifest.xml:2:11-69
uses-permission#android.permission.INTERNET
ADDED from src/main/AndroidManifest.xml:4:5-67
	android:name
		ADDED from src/main/AndroidManifest.xml:4:22-64
application
ADDED from src/main/AndroidManifest.xml:6:5-23:19
MERGED from [com.google.android.material:material:1.3.0] AndroidManifest.xml:22:5-20
MERGED from [com.google.android.material:material:1.3.0] AndroidManifest.xml:22:5-20
MERGED from [androidx.constraintlayout:constraintlayout:2.0.4] AndroidManifest.xml:9:5-20
MERGED from [androidx.constraintlayout:constraintlayout:2.0.4] AndroidManifest.xml:9:5-20
MERGED from [androidx.test:core:1.3.0] AndroidManifest.xml:26:5-48:19
MERGED from [androidx.test:core:1.3.0] AndroidManifest.xml:26:5-48:19
MERGED from [androidx.lifecycle:lifecycle-extensions:2.2.0] AndroidManifest.xml:24:5-25:19
MERGED from [androidx.lifecycle:lifecycle-extensions:2.2.0] AndroidManifest.xml:24:5-25:19
MERGED from [androidx.core:core:1.3.2] AndroidManifest.xml:24:5-89
MERGED from [androidx.core:core:1.3.2] AndroidManifest.xml:24:5-89
MERGED from [androidx.room:room-runtime:2.3.0] AndroidManifest.xml:24:5-29:19
MERGED from [androidx.room:room-runtime:2.3.0] AndroidManifest.xml:24:5-29:19
MERGED from [androidx.lifecycle:lifecycle-process:2.2.0] AndroidManifest.xml:24:5-30:19
MERGED from [androidx.lifecycle:lifecycle-process:2.2.0] AndroidManifest.xml:24:5-30:19
MERGED from [androidx.versionedparcelable:versionedparcelable:1.1.0] AndroidManifest.xml:24:5-25:19
MERGED from [androidx.versionedparcelable:versionedparcelable:1.1.0] AndroidManifest.xml:24:5-25:19
	android:appComponentFactory
		ADDED from [androidx.core:core:1.3.2] AndroidManifest.xml:24:18-86
	android:supportsRtl
		ADDED from src/main/AndroidManifest.xml:12:9-35
	android:label
		ADDED from src/main/AndroidManifest.xml:10:9-41
	android:roundIcon
		ADDED from src/main/AndroidManifest.xml:11:9-54
	android:icon
		ADDED from src/main/AndroidManifest.xml:9:9-43
	android:allowBackup
		ADDED from src/main/AndroidManifest.xml:8:9-35
	android:theme
		ADDED from src/main/AndroidManifest.xml:13:9-53
	android:name
		ADDED from src/main/AndroidManifest.xml:7:9-40
activity#com.nristekk.app.flickrsearchapi.main.MainActivity
ADDED from src/main/AndroidManifest.xml:14:9-22:20
	android:windowSoftInputMode
		ADDED from src/main/AndroidManifest.xml:16:13-56
	android:name
		ADDED from src/main/AndroidManifest.xml:15:13-46
intent-filter#action:name:android.intent.action.MAIN+category:name:android.intent.category.LAUNCHER
ADDED from src/main/AndroidManifest.xml:17:13-21:29
action#android.intent.action.MAIN
ADDED from src/main/AndroidManifest.xml:18:17-69
	android:name
		ADDED from src/main/AndroidManifest.xml:18:25-66
category#android.intent.category.LAUNCHER
ADDED from src/main/AndroidManifest.xml:20:17-77
	android:name
		ADDED from src/main/AndroidManifest.xml:20:27-74
uses-sdk
INJECTED from src/main/AndroidManifest.xml reason: use-sdk injection requested
INJECTED from src/main/AndroidManifest.xml
INJECTED from src/main/AndroidManifest.xml
MERGED from [androidx.paging:paging-runtime-ktx:3.0.0-rc01] AndroidManifest.xml:20:5-22:41
MERGED from [androidx.paging:paging-runtime-ktx:3.0.0-rc01] AndroidManifest.xml:20:5-22:41
MERGED from [androidx.paging:paging-runtime:3.0.0-rc01] AndroidManifest.xml:20:5-22:41
MERGED from [androidx.paging:paging-runtime:3.0.0-rc01] AndroidManifest.xml:20:5-22:41
MERGED from [androidx.lifecycle:lifecycle-livedata-ktx:2.3.1] AndroidManifest.xml:20:5-22:41
MERGED from [androidx.lifecycle:lifecycle-livedata-ktx:2.3.1] AndroidManifest.xml:20:5-22:41
MERGED from [androidx.fragment:fragment-ktx:1.3.3] AndroidManifest.xml:20:5-22:41
MERGED from [androidx.fragment:fragment-ktx:1.3.3] AndroidManifest.xml:20:5-22:41
MERGED from [androidx.activity:activity-ktx:1.2.2] AndroidManifest.xml:20:5-22:41
MERGED from [androidx.activity:activity-ktx:1.2.2] AndroidManifest.xml:20:5-22:41
MERGED from [androidx.lifecycle:lifecycle-viewmodel-ktx:2.3.1] AndroidManifest.xml:20:5-22:41
MERGED from [androidx.lifecycle:lifecycle-viewmodel-ktx:2.3.1] AndroidManifest.xml:20:5-22:41
MERGED from [androidx.room:room-ktx:2.3.0] AndroidManifest.xml:20:5-22:41
MERGED from [androidx.room:room-ktx:2.3.0] AndroidManifest.xml:20:5-22:41
MERGED from [androidx.lifecycle:lifecycle-runtime-ktx:2.3.1] AndroidManifest.xml:20:5-22:41
MERGED from [androidx.lifecycle:lifecycle-runtime-ktx:2.3.1] AndroidManifest.xml:20:5-22:41
MERGED from [androidx.databinding:databinding-adapters:4.1.3] AndroidManifest.xml:22:5-44
MERGED from [androidx.databinding:databinding-adapters:4.1.3] AndroidManifest.xml:22:5-44
MERGED from [androidx.databinding:databinding-runtime:4.1.3] AndroidManifest.xml:22:5-44
MERGED from [androidx.databinding:databinding-runtime:4.1.3] AndroidManifest.xml:22:5-44
MERGED from [com.google.dagger:dagger-android-support:2.28.3] AndroidManifest.xml:20:5-44
MERGED from [com.google.dagger:dagger-android-support:2.28.3] AndroidManifest.xml:20:5-44
MERGED from [com.google.android.material:material:1.3.0] AndroidManifest.xml:20:5-44
MERGED from [com.google.android.material:material:1.3.0] AndroidManifest.xml:20:5-44
MERGED from [androidx.constraintlayout:constraintlayout:2.0.4] AndroidManifest.xml:5:5-7:41
MERGED from [androidx.constraintlayout:constraintlayout:2.0.4] AndroidManifest.xml:5:5-7:41
MERGED from [androidx.appcompat:appcompat:1.2.0] AndroidManifest.xml:20:5-22:41
MERGED from [androidx.appcompat:appcompat:1.2.0] AndroidManifest.xml:20:5-22:41
MERGED from [androidx.core:core-ktx:1.3.2] AndroidManifest.xml:5:5-7:41
MERGED from [androidx.core:core-ktx:1.3.2] AndroidManifest.xml:5:5-7:41
MERGED from [androidx.legacy:legacy-support-v4:1.0.0] AndroidManifest.xml:20:5-44
MERGED from [androidx.legacy:legacy-support-v4:1.0.0] AndroidManifest.xml:20:5-44
MERGED from [androidx.legacy:legacy-support-core-ui:1.0.0] AndroidManifest.xml:20:5-44
MERGED from [androidx.legacy:legacy-support-core-ui:1.0.0] AndroidManifest.xml:20:5-44
MERGED from [androidx.swiperefreshlayout:swiperefreshlayout:1.1.0] AndroidManifest.xml:20:5-22:41
MERGED from [androidx.swiperefreshlayout:swiperefreshlayout:1.1.0] AndroidManifest.xml:20:5-22:41
MERGED from [androidx.viewpager2:viewpager2:1.0.0] AndroidManifest.xml:20:5-22:41
MERGED from [androidx.viewpager2:viewpager2:1.0.0] AndroidManifest.xml:20:5-22:41
MERGED from [androidx.recyclerview:recyclerview:1.2.0] AndroidManifest.xml:20:5-22:41
MERGED from [androidx.recyclerview:recyclerview:1.2.0] AndroidManifest.xml:20:5-22:41
MERGED from [androidx.cardview:cardview:1.0.0] AndroidManifest.xml:20:5-44
MERGED from [androidx.cardview:cardview:1.0.0] AndroidManifest.xml:20:5-44
MERGED from [androidx.test:core:1.3.0] AndroidManifest.xml:20:5-22:41
MERGED from [androidx.test:core:1.3.0] AndroidManifest.xml:20:5-22:41
MERGED from [androidx.databinding:viewbinding:4.1.3] AndroidManifest.xml:20:5-44
MERGED from [androidx.databinding:viewbinding:4.1.3] AndroidManifest.xml:20:5-44
MERGED from [androidx.cursoradapter:cursoradapter:1.0.0] AndroidManifest.xml:20:5-44
MERGED from [androidx.cursoradapter:cursoradapter:1.0.0] AndroidManifest.xml:20:5-44
MERGED from [androidx.appcompat:appcompat-resources:1.2.0] AndroidManifest.xml:20:5-22:41
MERGED from [androidx.appcompat:appcompat-resources:1.2.0] AndroidManifest.xml:20:5-22:41
MERGED from [androidx.drawerlayout:drawerlayout:1.0.0] AndroidManifest.xml:20:5-44
MERGED from [androidx.drawerlayout:drawerlayout:1.0.0] AndroidManifest.xml:20:5-44
MERGED from [androidx.lifecycle:lifecycle-extensions:2.2.0] AndroidManifest.xml:20:5-22:41
MERGED from [androidx.lifecycle:lifecycle-extensions:2.2.0] AndroidManifest.xml:20:5-22:41
MERGED from [androidx.fragment:fragment:1.3.3] AndroidManifest.xml:20:5-22:41
MERGED from [androidx.fragment:fragment:1.3.3] AndroidManifest.xml:20:5-22:41
MERGED from [androidx.activity:activity:1.2.2] AndroidManifest.xml:20:5-22:41
MERGED from [androidx.activity:activity:1.2.2] AndroidManifest.xml:20:5-22:41
MERGED from [androidx.media:media:1.0.0] AndroidManifest.xml:20:5-44
MERGED from [androidx.media:media:1.0.0] AndroidManifest.xml:20:5-44
MERGED from [androidx.dynamicanimation:dynamicanimation:1.0.0] AndroidManifest.xml:20:5-44
MERGED from [androidx.dynamicanimation:dynamicanimation:1.0.0] AndroidManifest.xml:20:5-44
MERGED from [androidx.legacy:legacy-support-core-utils:1.0.0] AndroidManifest.xml:20:5-44
MERGED from [androidx.legacy:legacy-support-core-utils:1.0.0] AndroidManifest.xml:20:5-44
MERGED from [androidx.coordinatorlayout:coordinatorlayout:1.1.0] AndroidManifest.xml:20:5-22:41
MERGED from [androidx.coordinatorlayout:coordinatorlayout:1.1.0] AndroidManifest.xml:20:5-22:41
MERGED from [androidx.transition:transition:1.2.0] AndroidManifest.xml:20:5-22:41
MERGED from [androidx.transition:transition:1.2.0] AndroidManifest.xml:20:5-22:41
MERGED from [androidx.vectordrawable:vectordrawable-animated:1.1.0] AndroidManifest.xml:20:5-22:41
MERGED from [androidx.vectordrawable:vectordrawable-animated:1.1.0] AndroidManifest.xml:20:5-22:41
MERGED from [androidx.vectordrawable:vectordrawable:1.1.0] AndroidManifest.xml:20:5-22:41
MERGED from [androidx.vectordrawable:vectordrawable:1.1.0] AndroidManifest.xml:20:5-22:41
MERGED from [androidx.viewpager:viewpager:1.0.0] AndroidManifest.xml:20:5-44
MERGED from [androidx.viewpager:viewpager:1.0.0] AndroidManifest.xml:20:5-44
MERGED from [androidx.slidingpanelayout:slidingpanelayout:1.0.0] AndroidManifest.xml:20:5-44
MERGED from [androidx.slidingpanelayout:slidingpanelayout:1.0.0] AndroidManifest.xml:20:5-44
MERGED from [androidx.customview:customview:1.0.0] AndroidManifest.xml:20:5-44
MERGED from [androidx.customview:customview:1.0.0] AndroidManifest.xml:20:5-44
MERGED from [androidx.loader:loader:1.0.0] AndroidManifest.xml:20:5-44
MERGED from [androidx.loader:loader:1.0.0] AndroidManifest.xml:20:5-44
MERGED from [androidx.asynclayoutinflater:asynclayoutinflater:1.0.0] AndroidManifest.xml:20:5-44
MERGED from [androidx.asynclayoutinflater:asynclayoutinflater:1.0.0] AndroidManifest.xml:20:5-44
MERGED from [androidx.core:core:1.3.2] AndroidManifest.xml:20:5-22:41
MERGED from [androidx.core:core:1.3.2] AndroidManifest.xml:20:5-22:41
MERGED from [androidx.room:room-rxjava2:2.3.0] AndroidManifest.xml:20:5-22:41
MERGED from [androidx.room:room-rxjava2:2.3.0] AndroidManifest.xml:20:5-22:41
MERGED from [androidx.room:room-runtime:2.3.0] AndroidManifest.xml:20:5-22:41
MERGED from [androidx.room:room-runtime:2.3.0] AndroidManifest.xml:20:5-22:41
MERGED from [androidx.lifecycle:lifecycle-livedata:2.3.1] AndroidManifest.xml:20:5-22:41
MERGED from [androidx.lifecycle:lifecycle-livedata:2.3.1] AndroidManifest.xml:20:5-22:41
MERGED from [androidx.lifecycle:lifecycle-process:2.2.0] AndroidManifest.xml:20:5-22:41
MERGED from [androidx.lifecycle:lifecycle-process:2.2.0] AndroidManifest.xml:20:5-22:41
MERGED from [androidx.lifecycle:lifecycle-service:2.2.0] AndroidManifest.xml:20:5-22:41
MERGED from [androidx.lifecycle:lifecycle-service:2.2.0] AndroidManifest.xml:20:5-22:41
MERGED from [androidx.lifecycle:lifecycle-runtime:2.3.1] AndroidManifest.xml:20:5-22:41
MERGED from [androidx.lifecycle:lifecycle-runtime:2.3.1] AndroidManifest.xml:20:5-22:41
MERGED from [androidx.lifecycle:lifecycle-livedata-core-ktx:2.3.1] AndroidManifest.xml:20:5-22:41
MERGED from [androidx.lifecycle:lifecycle-livedata-core-ktx:2.3.1] AndroidManifest.xml:20:5-22:41
MERGED from [androidx.lifecycle:lifecycle-viewmodel-savedstate:2.3.1] AndroidManifest.xml:20:5-22:41
MERGED from [androidx.lifecycle:lifecycle-viewmodel-savedstate:2.3.1] AndroidManifest.xml:20:5-22:41
MERGED from [androidx.lifecycle:lifecycle-livedata-core:2.3.1] AndroidManifest.xml:20:5-22:41
MERGED from [androidx.lifecycle:lifecycle-livedata-core:2.3.1] AndroidManifest.xml:20:5-22:41
MERGED from [androidx.arch.core:core-runtime:2.1.0] AndroidManifest.xml:20:5-22:41
MERGED from [androidx.arch.core:core-runtime:2.1.0] AndroidManifest.xml:20:5-22:41
MERGED from [androidx.savedstate:savedstate-ktx:1.1.0] AndroidManifest.xml:20:5-22:41
MERGED from [androidx.savedstate:savedstate-ktx:1.1.0] AndroidManifest.xml:20:5-22:41
MERGED from [androidx.savedstate:savedstate:1.1.0] AndroidManifest.xml:20:5-22:41
MERGED from [androidx.savedstate:savedstate:1.1.0] AndroidManifest.xml:20:5-22:41
MERGED from [androidx.lifecycle:lifecycle-viewmodel:2.3.1] AndroidManifest.xml:20:5-22:41
MERGED from [androidx.lifecycle:lifecycle-viewmodel:2.3.1] AndroidManifest.xml:20:5-22:41
MERGED from [androidx.sqlite:sqlite-framework:2.1.0] AndroidManifest.xml:20:5-22:41
MERGED from [androidx.sqlite:sqlite-framework:2.1.0] AndroidManifest.xml:20:5-22:41
MERGED from [androidx.sqlite:sqlite:2.1.0] AndroidManifest.xml:20:5-22:41
MERGED from [androidx.sqlite:sqlite:2.1.0] AndroidManifest.xml:20:5-22:41
MERGED from [com.google.dagger:dagger-android:2.28.3] AndroidManifest.xml:20:5-44
MERGED from [com.google.dagger:dagger-android:2.28.3] AndroidManifest.xml:20:5-44
MERGED from [androidx.interpolator:interpolator:1.0.0] AndroidManifest.xml:20:5-44
MERGED from [androidx.interpolator:interpolator:1.0.0] AndroidManifest.xml:20:5-44
MERGED from [androidx.test:monitor:1.3.0] AndroidManifest.xml:20:5-22:41
MERGED from [androidx.test:monitor:1.3.0] AndroidManifest.xml:20:5-22:41
MERGED from [androidx.versionedparcelable:versionedparcelable:1.1.0] AndroidManifest.xml:20:5-22:41
MERGED from [androidx.versionedparcelable:versionedparcelable:1.1.0] AndroidManifest.xml:20:5-22:41
MERGED from [androidx.tracing:tracing:1.0.0] AndroidManifest.xml:20:5-22:41
MERGED from [androidx.tracing:tracing:1.0.0] AndroidManifest.xml:20:5-22:41
MERGED from [androidx.documentfile:documentfile:1.0.0] AndroidManifest.xml:20:5-44
MERGED from [androidx.documentfile:documentfile:1.0.0] AndroidManifest.xml:20:5-44
MERGED from [androidx.localbroadcastmanager:localbroadcastmanager:1.0.0] AndroidManifest.xml:20:5-44
MERGED from [androidx.localbroadcastmanager:localbroadcastmanager:1.0.0] AndroidManifest.xml:20:5-44
MERGED from [androidx.print:print:1.0.0] AndroidManifest.xml:20:5-44
MERGED from [androidx.print:print:1.0.0] AndroidManifest.xml:20:5-44
MERGED from [io.reactivex.rxjava2:rxandroid:2.1.1] AndroidManifest.xml:18:5-43
MERGED from [io.reactivex.rxjava2:rxandroid:2.1.1] AndroidManifest.xml:18:5-43
MERGED from [androidx.test.espresso:espresso-idling-resource:3.4.0-alpha06] AndroidManifest.xml:20:5-22:41
MERGED from [androidx.test.espresso:espresso-idling-resource:3.4.0-alpha06] AndroidManifest.xml:20:5-22:41
MERGED from [androidx.annotation:annotation-experimental:1.1.0] AndroidManifest.xml:20:5-22:41
MERGED from [androidx.annotation:annotation-experimental:1.1.0] AndroidManifest.xml:20:5-22:41
MERGED from [com.google.dagger:dagger-lint-aar:2.28.3] AndroidManifest.xml:18:3-42
MERGED from [com.google.dagger:dagger-lint-aar:2.28.3] AndroidManifest.xml:18:3-42
INJECTED from src/main/AndroidManifest.xml
INJECTED from src/main/AndroidManifest.xml
	android:targetSdkVersion
		INJECTED from src/main/AndroidManifest.xml
		ADDED from src/main/AndroidManifest.xml
		INJECTED from src/main/AndroidManifest.xml
	android:minSdkVersion
		INJECTED from src/main/AndroidManifest.xml
		ADDED from src/main/AndroidManifest.xml
		INJECTED from src/main/AndroidManifest.xml
uses-permission#android.permission.REORDER_TASKS
ADDED from [androidx.test:core:1.3.0] AndroidManifest.xml:24:5-72
	android:name
		ADDED from [androidx.test:core:1.3.0] AndroidManifest.xml:24:22-69
activity#androidx.test.core.app.InstrumentationActivityInvoker$BootstrapActivity
ADDED from [androidx.test:core:1.3.0] AndroidManifest.xml:27:9-33:20
	android:theme
		ADDED from [androidx.test:core:1.3.0] AndroidManifest.xml:29:13-49
	android:name
		ADDED from [androidx.test:core:1.3.0] AndroidManifest.xml:28:13-99
intent-filter#action:name:android.intent.action.MAIN
ADDED from [androidx.test:core:1.3.0] AndroidManifest.xml:30:13-32:29
activity#androidx.test.core.app.InstrumentationActivityInvoker$EmptyActivity
ADDED from [androidx.test:core:1.3.0] AndroidManifest.xml:34:9-40:20
	android:theme
		ADDED from [androidx.test:core:1.3.0] AndroidManifest.xml:36:13-49
	android:name
		ADDED from [androidx.test:core:1.3.0] AndroidManifest.xml:35:13-95
activity#androidx.test.core.app.InstrumentationActivityInvoker$EmptyFloatingActivity
ADDED from [androidx.test:core:1.3.0] AndroidManifest.xml:41:9-47:20
	android:theme
		ADDED from [androidx.test:core:1.3.0] AndroidManifest.xml:43:13-56
	android:name
		ADDED from [androidx.test:core:1.3.0] AndroidManifest.xml:42:13-103
service#androidx.room.MultiInstanceInvalidationService
ADDED from [androidx.room:room-runtime:2.3.0] AndroidManifest.xml:25:9-28:40
	android:exported
		ADDED from [androidx.room:room-runtime:2.3.0] AndroidManifest.xml:28:13-37
	android:directBootAware
		ADDED from [androidx.room:room-runtime:2.3.0] AndroidManifest.xml:27:13-43
	android:name
		ADDED from [androidx.room:room-runtime:2.3.0] AndroidManifest.xml:26:13-74
provider#androidx.lifecycle.ProcessLifecycleOwnerInitializer
ADDED from [androidx.lifecycle:lifecycle-process:2.2.0] AndroidManifest.xml:25:9-29:43
	android:authorities
		ADDED from [androidx.lifecycle:lifecycle-process:2.2.0] AndroidManifest.xml:27:13-69
	android:multiprocess
		ADDED from [androidx.lifecycle:lifecycle-process:2.2.0] AndroidManifest.xml:29:13-40
	android:exported
		ADDED from [androidx.lifecycle:lifecycle-process:2.2.0] AndroidManifest.xml:28:13-37
	android:name
		ADDED from [androidx.lifecycle:lifecycle-process:2.2.0] AndroidManifest.xml:26:13-79